<?xml version="1.0" encoding="UTF-8"?>
<testsuite xmlns:xsi="http://www.w3.org/2001/XMLSchema-instance" xsi:noNamespaceSchemaLocation="https://maven.apache.org/surefire/maven-surefire-plugin/xsd/surefire-test-report-3.0.xsd" version="3.0" name="models.levels.LevelValidatorTest" time="0.032" tests="17" errors="0" skipped="0" failures="0">
  <properties>
[...]
</properties>
  <testcase name="validateMissingPlayerThrowsException" classname="models.levels.LevelValidatorTest" time="0.002"/>
  <testcase name="validateValidDefinitionDoesNotThrowException" classname="models.levels.LevelValidatorTest" time="0.001"/>
  <testcase name="validateEmptyMazeThrowsException" classname="models.levels.LevelValidatorTest" time="0.001"/>
  <testcase name="validateNullDefinitionThrowsException" classname="models.levels.LevelValidatorTest" time="0.001"/>
  <testcase name="validateNegativeMaxScoreThrowsException" classname="models.levels.LevelValidatorTest" time="0.002"/>
  <testcase name="validateNoExitThrowsException" classname="models.levels.LevelValidatorTest" time="0.001"/>
  <testcase name="validateUnreachableExitThrowsException" classname="models.levels.LevelValidatorTest" time="0.001"/>
  <testcase name="validateMissingAssetsThrowsException" classname="models.levels.LevelValidatorTest" time="0.002"/>
  <testcase name="validatePlayerRowOutsideMazeThrowsException" classname="models.levels.LevelValidatorTest" time="0.001"/>
  <testcase name="validatePlayerStartingOnWallThrowsException" classname="models.levels.LevelValidatorTest" time="0.003"/>
  <testcase name="validateInvalidLevelNumberThrowsException" classname="models.levels.LevelValidatorTest" time="0.001"/>
  <testcase name="validateIncorrectMazeHeightThrowsException" classname="models.levels.LevelValidatorTest" time="0.001"/>
  <testcase name="validatePlayerColumnOutsideMazeThrowsException" classname="models.levels.LevelValidatorTest" time="0.001"/>
  <testcase name="validateInvalidMazeCharacterThrowsException" classname="models.levels.LevelValidatorTest" time="0.002"/>
  <testcase name="validateIncorrectMazeWidthThrowsException" classname="models.levels.LevelValidatorTest" time="0.001"/>
  <testcase name="validateNullMazeRowThrowsException" classname="models.levels.LevelValidatorTest" time="0.002"/>
  <testcase name="validateMultipleExitsThrowsException" classname="models.levels.LevelValidatorTest" time="0.001"/>
</testsuite>